<?xml version="1.0" encoding="UTF-8"?>
<!-- Generated by org.testng.reporters.JUnitReportReporter -->
<testsuite hostname="GADDAM-PC" failures="0" tests="1" name="testng_framework.App2" time="2.420" errors="0" timestamp="24 May 2018 12:45:11 GMT" skipped="0">
  <testcase classname="testng_framework.App2" name="navigate" time="2.420"/>
</testsuite> <!-- testng_framework.App2 -->
