<?xml version="1.0" encoding="UTF-8"?>
<!-- Generated by org.testng.reporters.JUnitReportReporter -->
<testsuite hostname="GADDAM-PC" failures="0" tests="2" name="testng_framework.Report3" time="0.000" errors="0" timestamp="24 May 2018 03:28:54 GMT" skipped="2">
  <testcase classname="testng_framework.Report3" name="f1" time="0.000">
    <skipped/>
  </testcase> <!-- f1 -->
  <testcase classname="testng_framework.Report3" name="f" time="0.000">
    <skipped/>
  </testcase> <!-- f -->
</testsuite> <!-- testng_framework.Report3 -->
