<?xml version="1.0" encoding="UTF-8"?>
<!-- Generated by org.testng.reporters.JUnitReportReporter -->
<testsuite hostname="GADDAM-PC" failures="0" tests="1" name="testng_framework.Report1" time="0.011" errors="0" timestamp="11 Jun 2018 18:08:33 GMT" skipped="0">
  <testcase classname="testng_framework.Report1" name="test1" time="0.011"/>
</testsuite> <!-- testng_framework.Report1 -->
