<?xml version="1.0" encoding="UTF-8"?>
<!-- Generated by org.testng.reporters.JUnitReportReporter -->
<testsuite hostname="GADDAM-PC" failures="0" tests="2" name="testng_framework.Grouping" time="0.011" errors="0" timestamp="24 May 2018 11:34:51 GMT" skipped="0">
  <testcase classname="testng_framework.Grouping" name="group2" time="0.001"/>
  <testcase classname="testng_framework.Grouping" name="group1" time="0.010"/>
</testsuite> <!-- testng_framework.Grouping -->
